Determining if the pthread_create exist failed with the following output:
Change Dir: /home/rflab/ros_ws/build/CMakeFiles/CMakeTmp

Run Build Command:"/usr/bin/make" "cmTC_14d5c/fast"
/usr/bin/make -f CMakeFiles/cmTC_14d5c.dir/build.make CMakeFiles/cmTC_14d5c.dir/build
make[1]: Entering directory '/home/rflab/ros_ws/build/CMakeFiles/CMakeTmp'
Building C object CMakeFiles/cmTC_14d5c.dir/CheckSymbolExists.c.o
/usr/bin/cc     -o CMakeFiles/cmTC_14d5c.dir/CheckSymbolExists.c.o   -c /home/rflab/ros_ws/build/CMakeFiles/CMakeTmp/CheckSymbolExists.c
Linking C executable cmTC_14d5c
/usr/bin/cmake -E cmake_link_script CMakeFiles/cmTC_14d5c.dir/link.txt --verbose=1
/usr/bin/cc       CMakeFiles/cmTC_14d5c.dir/CheckSymbolExists.c.o  -o cmTC_14d5c -rdynamic 
CMakeFiles/cmTC_14d5c.dir/CheckSymbolExists.c.o: In function `main':
CheckSymbolExists.c:(.text+0x16): undefined reference to `pthread_create'
collect2: error: ld returned 1 exit status
CMakeFiles/cmTC_14d5c.dir/build.make:97: recipe for target 'cmTC_14d5c' failed
make[1]: *** [cmTC_14d5c] Error 1
make[1]: Leaving directory '/home/rflab/ros_ws/build/CMakeFiles/CMakeTmp'
Makefile:126: recipe for target 'cmTC_14d5c/fast' failed
make: *** [cmTC_14d5c/fast] Error 2

File /home/rflab/ros_ws/build/CMakeFiles/CMakeTmp/CheckSymbolExists.c:
/* */
#include <pthread.h>

int main(int argc, char** argv)
{
  (void)argv;
#ifndef pthread_create
  return ((int*)(&pthread_create))[argc];
#else
  (void)argc;
  return 0;
#endif
}

Determining if the function pthread_create exists in the pthreads failed with the following output:
Change Dir: /home/rflab/ros_ws/build/CMakeFiles/CMakeTmp

Run Build Command:"/usr/bin/make" "cmTC_d6d14/fast"
/usr/bin/make -f CMakeFiles/cmTC_d6d14.dir/build.make CMakeFiles/cmTC_d6d14.dir/build
make[1]: Entering directory '/home/rflab/ros_ws/build/CMakeFiles/CMakeTmp'
Building C object CMakeFiles/cmTC_d6d14.dir/CheckFunctionExists.c.o
/usr/bin/cc    -DCHECK_FUNCTION_EXISTS=pthread_create   -o CMakeFiles/cmTC_d6d14.dir/CheckFunctionExists.c.o   -c /usr/share/cmake-3.5/Modules/CheckFunctionExists.c
Linking C executable cmTC_d6d14
/usr/bin/cmake -E cmake_link_script CMakeFiles/cmTC_d6d14.dir/link.txt --verbose=1
/usr/bin/cc   -DCHECK_FUNCTION_EXISTS=pthread_create    CMakeFiles/cmTC_d6d14.dir/CheckFunctionExists.c.o  -o cmTC_d6d14 -rdynamic -lpthreads 
/usr/bin/ld: cannot find -lpthreads
collect2: error: ld returned 1 exit status
CMakeFiles/cmTC_d6d14.dir/build.make:97: recipe for target 'cmTC_d6d14' failed
make[1]: *** [cmTC_d6d14] Error 1
make[1]: Leaving directory '/home/rflab/ros_ws/build/CMakeFiles/CMakeTmp'
Makefile:126: recipe for target 'cmTC_d6d14/fast' failed
make: *** [cmTC_d6d14/fast] Error 2


